<?xml version="1.0" encoding="UTF-8"?>
<testng-results ignored="0" total="2" passed="2" failed="0" skipped="0">
  <reporter-output>
  </reporter-output>
  <suite started-at="2026-01-09T11:03:49 IST" name="Default suite" finished-at="2026-01-09T11:06:00 IST" duration-ms="131609">
    <groups>
    </groups>
    <test started-at="2026-01-09T11:03:49 IST" name="Default test" finished-at="2026-01-09T11:06:00 IST" duration-ms="131609">
      <class name="Test.TestFlipkart">
        <test-method signature="Test1()[pri:0, instance:Test.TestFlipkart@2462cb01]" started-at="2026-01-09T11:03:49 IST" name="Test1" finished-at="2026-01-09T11:05:35 IST" duration-ms="105976" status="PASS">
          <reporter-output>
          </reporter-output>
        </test-method> <!-- Test1 -->
        <test-method is-config="true" signature="flush()[pri:0, instance:Test.TestFlipkart@2462cb01]" started-at="2026-01-09T11:05:35 IST" name="flush" finished-at="2026-01-09T11:05:35 IST" duration-ms="529" status="PASS">
          <reporter-output>
          </reporter-output>
        </test-method> <!-- flush -->
        <test-method signature="Test2()[pri:0, instance:Test.TestFlipkart@2462cb01]" started-at="2026-01-09T11:05:35 IST" name="Test2" finished-at="2026-01-09T11:06:00 IST" duration-ms="24987" status="PASS">
          <reporter-output>
          </reporter-output>
        </test-method> <!-- Test2 -->
        <test-method is-config="true" signature="flush()[pri:0, instance:Test.TestFlipkart@2462cb01]" started-at="2026-01-09T11:06:00 IST" name="flush" finished-at="2026-01-09T11:06:00 IST" duration-ms="37" status="PASS">
          <reporter-output>
          </reporter-output>
        </test-method> <!-- flush -->
      </class> <!-- Test.TestFlipkart -->
    </test> <!-- Default test -->
  </suite> <!-- Default suite -->
</testng-results>
