<?xml version="1.0" encoding="UTF-8"?>
<testng-results ignored="0" total="1" passed="1" failed="0" skipped="0">
  <reporter-output>
  </reporter-output>
  <suite started-at="2026-01-16T14:27:58 IST" name="Default suite" finished-at="2026-01-16T14:30:02 IST" duration-ms="124007">
    <groups>
    </groups>
    <test started-at="2026-01-16T14:27:58 IST" name="Default test" finished-at="2026-01-16T14:30:02 IST" duration-ms="124007">
      <class name="Test.TestFlipkart">
        <test-method signature="Test1()[pri:0, instance:Test.TestFlipkart@4c5ae43b]" started-at="2026-01-16T14:27:58 IST" name="Test1" finished-at="2026-01-16T14:30:02 IST" duration-ms="123372" status="PASS">
          <reporter-output>
          </reporter-output>
        </test-method> <!-- Test1 -->
        <test-method is-config="true" signature="flush()[pri:0, instance:Test.TestFlipkart@4c5ae43b]" started-at="2026-01-16T14:30:02 IST" name="flush" finished-at="2026-01-16T14:30:02 IST" duration-ms="559" status="PASS">
          <reporter-output>
          </reporter-output>
        </test-method> <!-- flush -->
      </class> <!-- Test.TestFlipkart -->
    </test> <!-- Default test -->
  </suite> <!-- Default suite -->
</testng-results>
