<?xml version="1.0" encoding="UTF-8"?>
<testng-results ignored="0" total="1" passed="1" failed="0" skipped="0">
  <reporter-output>
  </reporter-output>
  <suite started-at="2026-01-17T08:12:41 IST" name="Default suite" finished-at="2026-01-17T08:14:20 IST" duration-ms="99311">
    <groups>
    </groups>
    <test started-at="2026-01-17T08:12:41 IST" name="Default test" finished-at="2026-01-17T08:14:20 IST" duration-ms="99311">
      <class name="Test.TestFlipkart">
        <test-method signature="TEST()[pri:0, instance:Test.TestFlipkart@50029372]" started-at="2026-01-17T08:12:41 IST" name="TEST" finished-at="2026-01-17T08:14:20 IST" duration-ms="98581" status="PASS">
          <reporter-output>
          </reporter-output>
        </test-method> <!-- TEST -->
        <test-method is-config="true" signature="flush()[pri:0, instance:Test.TestFlipkart@50029372]" started-at="2026-01-17T08:14:20 IST" name="flush" finished-at="2026-01-17T08:14:20 IST" duration-ms="646" status="PASS">
          <reporter-output>
          </reporter-output>
        </test-method> <!-- flush -->
      </class> <!-- Test.TestFlipkart -->
    </test> <!-- Default test -->
  </suite> <!-- Default suite -->
</testng-results>
