<?xml version="1.0" encoding="UTF-8"?>
<testng-results ignored="0" total="1" passed="1" failed="0" skipped="0">
  <reporter-output>
  </reporter-output>
  <suite started-at="2026-01-13T10:52:43 IST" name="Default suite" finished-at="2026-01-13T10:54:51 IST" duration-ms="127289">
    <groups>
    </groups>
    <test started-at="2026-01-13T10:52:43 IST" name="Default test" finished-at="2026-01-13T10:54:51 IST" duration-ms="127289">
      <class name="Test.TestFlipkart">
        <test-method signature="Test1()[pri:0, instance:Test.TestFlipkart@181b8c4b]" started-at="2026-01-13T10:52:44 IST" name="Test1" finished-at="2026-01-13T10:54:50 IST" duration-ms="126291" status="PASS">
          <reporter-output>
          </reporter-output>
        </test-method> <!-- Test1 -->
        <test-method is-config="true" signature="flush()[pri:0, instance:Test.TestFlipkart@181b8c4b]" started-at="2026-01-13T10:54:50 IST" name="flush" finished-at="2026-01-13T10:54:51 IST" duration-ms="847" status="PASS">
          <reporter-output>
          </reporter-output>
        </test-method> <!-- flush -->
      </class> <!-- Test.TestFlipkart -->
    </test> <!-- Default test -->
  </suite> <!-- Default suite -->
</testng-results>
